17
1100011101111001000100
111011001
10111000110010001100101
110010110110111101101
1101111001110010000
10110100
10101000010
001001100001000001101
01011010001001111000100101
11110001011100011000
110100101110011101010
10111011111
001100
101101010011010000110111
0001011111110001
001111101000001
100111110011101010000111
17
101111100111001
00001101101101
01110011110100010111
101010100
11010100011111000111101100
00101110100111010011010
10100011110000111
11110100110010111111001
1101000100011100011001110011001
110110011101011100010000
11111000011
1111011011000100111010111100011
000011100110010011011101
001111111010100
00011111101110000110
1010101101100001000100110011
00111110010
