48
573926389?273005
3799514658884712
5915271212246127
2891295768890597
17008830?8753878
2374693508372653
7557380678378108
6142472983936300
6368?92576260594
1837746325230224
9571709613024?15
8293052564168048
7902433849777807
1813309198099897
6699506510781741
2780725945370997
?310046242981740
9102780297?46208
4?07040147475407
6049988728080383
8507800068594194
5?28868799233058
953?361060729768
83?7434639794010
3057547398818037
1433164391159023
7441322800409666
5358086496048?14
2378786?20962581
5616089273924797
4361312814036674
6263601620678226
7370356417962306
8407150157414978
5603457171092328
4456037237196680
5071828931748960
2267579950054465
1217802701375509
6461218287877334
9782068937840145
9465220448786?75
859?461708264819
1980676034518490
59084892092?7436
703455?122328286
9?06497442194264
9197155309336344
