25
1970987157 411397337
1046609831 1197452900
1348956143 53204934
1101519170 177606761
1043359711 449130302
1396033332 537483146
840726910 747903840
399850292 1937677058
7594968 815545102
896195582 1507299620
68230405 156829248
1974481263 253135070
1587314283 1239163381
2144081410 926029102
524589315 95404386
1631635079 1211295381
1334923960 1015082656
2113633541 359423273
940334678 1313030419
949420040 1537234114
646127866 1453643984
1717343007 736665734
1600888106 1725181693
2146092905 845706844
2070752028 382689027