23
797506188 1072683964 351887801
915538941 1879227098 265972321
762354555 1672519930 352279391
980068727 1316262587 241154987
666116227 1963630468 120780091
377054600 1270135565 210287267
884838248 1236028559 180373579
809017845 1296518811 210454823
437672683 1718996612 219333481
148667056 1603071049 272922269
587907295 1108190433 351641023
197704908 1725097415 388100683
978718272 1430443018 219333481
382933556 1150219814 342474983
817963492 1813775912 241154987
223680021 1562197792 388061801
149745038 1597601955 180483449
978310914 1188663137 224655701
317771628 1133762175 265575001
508184373 1778499742 306971051
575196995 1349331728 319109293
644268428 1301424161 180242243
726723429 1305674255 252696541