24
77173 45602 13708
69820 13188 5313
721531420 644998295 28677831
7012901 2217383 3901703
79054 40656 49007
9955940 4658757 5885367
43076 4603 12894
3237702 1594322 1631647
8424 5742 2993
87055 37534 448
3250781 145841 163197
36169 21939 7970
12170 10225 9148
308221 105655 84769
44958560 25820501 7337133
6674219 4452701 5797280
34935 7817 10591
654875 201856 531150
353095611 304111447 2213930
46783506 10600508 40491867
668104 412328 540529
959951 80703 108762
6583886 1820414 1204067
94364450 4858688 82586963